Using pre-set license
Built from '2020.3/staging' branch; Version is '2020.3.26f1 (7298b473bc1a) revision 7510196'; Using compiler version '192528614'; Build Type 'Release'
OS: 'Windows 10  (10.0.19042) 64bit Core' Language: 'en' Physical Memory: 16191 MB
BatchMode: 1, IsHumanControllingUs: 0, StartBugReporterOnCrash: 0, Is64bit: 1, IsPro: 0

COMMAND LINE ARGUMENTS:
C:\Program Files\Unity\Hub\Editor\2020.3.26f1\Editor\Unity.exe
-adb2
-batchMode
-noUpm
-name
AssetImportWorker0
-projectPath
C:/Users/mathe/Documents/GitHub/HeroRogueLike_by_FoxTales
-logFile
Logs/AssetImportWorker0.log
-srvPort
52949
Successfully changed project path to: C:/Users/mathe/Documents/GitHub/HeroRogueLike_by_FoxTales
C:/Users/mathe/Documents/GitHub/HeroRogueLike_by_FoxTales
Using Asset Import Pipeline V2.
Refreshing native plugins compatible for Editor in 87.23 ms, found 2 plugins.
Preloading 0 native plugins for Editor in 0.00 ms.
Initialize engine version: 2020.3.26f1 (7298b473bc1a)
[Subsystems] Discovering subsystems at path C:/Program Files/Unity/Hub/Editor/2020.3.26f1/Editor/Data/Resources/UnitySubsystems
[Subsystems] Discovering subsystems at path C:/Users/mathe/Documents/GitHub/HeroRogueLike_by_FoxTales/Assets
GfxDevice: creating device client; threaded=0
Direct3D:
    Version:  Direct3D 11.0 [level 11.1]
    Renderer: NVIDIA GeForce GTX 1660 Ti with Max-Q Design (ID=0x2191)
    Vendor:   
    VRAM:     5991 MB
    Driver:   30.0.15.1123
Initialize mono
Mono path[0] = 'C:/Program Files/Unity/Hub/Editor/2020.3.26f1/Editor/Data/Managed'
Mono path[1] = 'C:/Program Files/Unity/Hub/Editor/2020.3.26f1/Editor/Data/MonoBleedingEdge/lib/mono/unityjit'
Mono config path = 'C:/Program Files/Unity/Hub/Editor/2020.3.26f1/Editor/Data/MonoBleedingEdge/etc'
Using monoOptions --debugger-agent=transport=dt_socket,embedding=1,server=y,suspend=n,address=127.0.0.1:56344
Begin MonoManager ReloadAssembly
Registering precompiled unity dll's ...
Register platform support module: C:/Program Files/Unity/Hub/Editor/2020.3.26f1/Editor/Data/PlaybackEngines/WindowsStandaloneSupport/UnityEditor.WindowsStandalone.Extensions.dll
Registered in 0.003235 seconds.
Native extension for WindowsStandalone target not found
Refreshing native plugins compatible for Editor in 82.67 ms, found 2 plugins.
Preloading 0 native plugins for Editor in 0.00 ms.
Mono: successfully reloaded assembly
- Completed reload, in  0.932 seconds
Domain Reload Profiling:
	ReloadAssembly (932ms)
		BeginReloadAssembly (94ms)
			ExecutionOrderSort (0ms)
			DisableScriptedObjects (0ms)
			BackupInstance (0ms)
			ReleaseScriptingObjects (0ms)
			CreateAndSetChildDomain (1ms)
		EndReloadAssembly (716ms)
			LoadAssemblies (90ms)
			RebuildTransferFunctionScriptingTraits (0ms)
			SetupTypeCache (216ms)
			ReleaseScriptCaches (0ms)
			RebuildScriptCaches (60ms)
			SetupLoadedEditorAssemblies (280ms)
				LogAssemblyErrors (0ms)
				InitializePlatformSupportModulesInManaged (9ms)
				SetLoadedEditorAssemblies (0ms)
				RefreshPlugins (83ms)
				BeforeProcessingInitializeOnLoad (25ms)
				ProcessInitializeOnLoadAttributes (120ms)
				ProcessInitializeOnLoadMethodAttributes (42ms)
				AfterProcessingInitializeOnLoad (0ms)
				EditorAssembliesLoaded (0ms)
			ExecutionOrderSort2 (0ms)
			AwakeInstancesAfterBackupRestoration (0ms)
Platform modules already initialized, skipping
Registering precompiled user dll's ...
Registered in 0.009320 seconds.
Begin MonoManager ReloadAssembly
Native extension for WindowsStandalone target not found
Refreshing native plugins compatible for Editor in 80.36 ms, found 2 plugins.
Preloading 0 native plugins for Editor in 0.00 ms.
Mono: successfully reloaded assembly
- Completed reload, in  1.753 seconds
Domain Reload Profiling:
	ReloadAssembly (1755ms)
		BeginReloadAssembly (211ms)
			ExecutionOrderSort (0ms)
			DisableScriptedObjects (7ms)
			BackupInstance (0ms)
			ReleaseScriptingObjects (0ms)
			CreateAndSetChildDomain (27ms)
		EndReloadAssembly (1439ms)
			LoadAssemblies (143ms)
			RebuildTransferFunctionScriptingTraits (0ms)
			SetupTypeCache (472ms)
			ReleaseScriptCaches (1ms)
			RebuildScriptCaches (82ms)
			SetupLoadedEditorAssemblies (567ms)
				LogAssemblyErrors (0ms)
				InitializePlatformSupportModulesInManaged (6ms)
				SetLoadedEditorAssemblies (0ms)
				RefreshPlugins (80ms)
				BeforeProcessingInitializeOnLoad (138ms)
				ProcessInitializeOnLoadAttributes (318ms)
				ProcessInitializeOnLoadMethodAttributes (14ms)
				AfterProcessingInitializeOnLoad (11ms)
				EditorAssembliesLoaded (0ms)
			ExecutionOrderSort2 (0ms)
			AwakeInstancesAfterBackupRestoration (8ms)
Platform modules already initialized, skipping
========================================================================
Worker process is ready to serve import requests
Launched and connected shader compiler UnityShaderCompiler.exe after 0.10 seconds
Refreshing native plugins compatible for Editor in 1.03 ms, found 2 plugins.
Preloading 0 native plugins for Editor in 0.00 ms.
Unloading 2960 Unused Serialized files (Serialized files now loaded: 0)
System memory in use before: 130.3 MB.
System memory in use after: 130.5 MB.

Unloading 21 unused Assets to reduce memory usage. Loaded Objects now: 3392.
Total: 6.089300 ms (FindLiveObjects: 0.533700 ms CreateObjectMapping: 0.351300 ms MarkObjects: 5.042500 ms  DeleteObjects: 0.158000 ms)

AssetImportParameters requested are different than current active one (requested -> active):
  custom:framework-win-MediaFoundation: 216162199b28c13a410421893ffa2e32 -> 
  custom:video-decoder-ogg-theora: a1e56fd34408186e4bbccfd4996cb3dc -> 
  custom:container-muxer-webm: aa71ff27fc2769a1b78a27578f13a17b -> 
  custom:container-demuxer-webm: 4f35f7cbe854078d1ac9338744f61a02 -> 
  custom:container-demuxer-ogg: 62fdf1f143b41e24485cea50d1cbac27 -> 
  custom:video-encoder-webm-vp8: eb34c28f22e8b96e1ab97ce403110664 -> 
  custom:video-codec-MediaFoundation-h265: 746d11721c4dcdbdad8f713fa42b33f4 -> 
  custom:video-decoder-webm-vp8: 9c59270c3fd7afecdb556c50c9e8de78 -> 
  custom:audio-decoder-ogg-vorbis: bf7c407c2cedff20999df2af8eb42d56 -> 
  custom:audio-encoder-webm-vorbis: bf7c407c2cedff20999df2af8eb42d56 -> 
========================================================================
Received Import Request.
  path: Assets/Readme.asset
  artifactKey: Guid(83c2ed844a8c74b779a4c823d16594b1) Importer(815301076,1909f56bfc062723c751e8b465ee728b)
Start importing Assets/Readme.asset using Guid(83c2ed844a8c74b779a4c823d16594b1) Importer(815301076,1909f56bfc062723c751e8b465ee728b)  -> (artifact id: '7c3b9f17ff219922461d349995487975') in 0.056856 seconds 
  Import took 0.063174 seconds .

========================================================================
Received Import Request.
  Time since last request: 250.236064 seconds.
  path: Assets/Assets V
  artifactKey: Guid(21202e6e255cdb148908f27f216ec30c) Importer(815301076,1909f56bfc062723c751e8b465ee728b)
Start importing Assets/Assets V using Guid(21202e6e255cdb148908f27f216ec30c) Importer(815301076,1909f56bfc062723c751e8b465ee728b)  -> (artifact id: '6e83c9344f48961637f264ffa7b2ffc5') in 0.017226 seconds 
  Import took 0.026296 seconds .

========================================================================
Received Import Request.
  Time since last request: 0.020583 seconds.
  path: Assets/Assets V/unknown.png
  artifactKey: Guid(515f72a65b31236418e11a0f57355b0a) Importer(815301076,1909f56bfc062723c751e8b465ee728b)
Start importing Assets/Assets V/unknown.png using Guid(515f72a65b31236418e11a0f57355b0a) Importer(815301076,1909f56bfc062723c751e8b465ee728b)  -> (artifact id: '9815fb69c76a1845a74d53e0c0da433d') in 0.323094 seconds 
  Import took 0.331517 seconds .

========================================================================
Received Import Request.
  Time since last request: 1.848208 seconds.
  path: Assets/Assets
  artifactKey: Guid(0abc0f30872361f44a4688f4f2e2d15c) Importer(815301076,1909f56bfc062723c751e8b465ee728b)
Start importing Assets/Assets using Guid(0abc0f30872361f44a4688f4f2e2d15c) Importer(815301076,1909f56bfc062723c751e8b465ee728b)  -> (artifact id: 'ab098a7930cab512fce40c4afdce1aa2') in 0.016590 seconds 
  Import took 0.028860 seconds .

========================================================================
Received Import Request.
  Time since last request: 9.729840 seconds.
  path: Assets/Assets/Personagens
  artifactKey: Guid(0161938e0f62edf479204be12971a48e) Importer(815301076,1909f56bfc062723c751e8b465ee728b)
Start importing Assets/Assets/Personagens using Guid(0161938e0f62edf479204be12971a48e) Importer(815301076,1909f56bfc062723c751e8b465ee728b)  -> (artifact id: 'b211e653b4aeb0a56a102bbe02ea9d88') in 0.019038 seconds 
  Import took 0.028347 seconds .

========================================================================
Received Import Request.
  Time since last request: 0.018554 seconds.
  path: Assets/Assets/Personagens/Célera1.fbx
  artifactKey: Guid(85399bbba9b589147a274d61a4391b12) Importer(815301076,1909f56bfc062723c751e8b465ee728b)
Start importing Assets/Assets/Personagens/Célera1.fbx using Guid(85399bbba9b589147a274d61a4391b12) Importer(815301076,1909f56bfc062723c751e8b465ee728b)  -> (artifact id: 'd610f04ddb1e44349db3d1fb6ce6ba79') in 1.472698 seconds 
  Import took 1.482966 seconds .

========================================================================
Received Import Request.
  Time since last request: 0.000322 seconds.
  path: Assets/Assets/Personagens/MaterialsCelera/AzulToon.mat
  artifactKey: Guid(6b2419878dd625d4cb5d0e2efef6a4c4) Importer(815301076,1909f56bfc062723c751e8b465ee728b)
Start importing Assets/Assets/Personagens/MaterialsCelera/AzulToon.mat using Guid(6b2419878dd625d4cb5d0e2efef6a4c4) Importer(815301076,1909f56bfc062723c751e8b465ee728b)  -> (artifact id: '9c1c4b02111f0e468a62f292164235e4') in 0.070219 seconds 
  Import took 0.075568 seconds .

========================================================================
Received Import Request.
  Time since last request: 0.000304 seconds.
  path: Assets/Assets/Personagens/MaterialsCelera/BakeCeleraBege.png
  artifactKey: Guid(6a986c3ba25351a4391768ea31196893) Importer(815301076,1909f56bfc062723c751e8b465ee728b)
Start importing Assets/Assets/Personagens/MaterialsCelera/BakeCeleraBege.png using Guid(6a986c3ba25351a4391768ea31196893) Importer(815301076,1909f56bfc062723c751e8b465ee728b)  -> (artifact id: '7661987aee056f9400ce8b5771e710e0') in 0.026087 seconds 
  Import took 0.033378 seconds .

========================================================================
Received Import Request.
  Time since last request: 0.000348 seconds.
  path: Assets/Assets/Personagens/MaterialsCelera/BakeCeleraPreto.png
  artifactKey: Guid(415e32d150cfdc64a9772d7bb3259f5e) Importer(815301076,1909f56bfc062723c751e8b465ee728b)
Start importing Assets/Assets/Personagens/MaterialsCelera/BakeCeleraPreto.png using Guid(415e32d150cfdc64a9772d7bb3259f5e) Importer(815301076,1909f56bfc062723c751e8b465ee728b)  -> (artifact id: '5d281e1a7bd3457c812a8bdf691bc4c9') in 0.026248 seconds 
  Import took 0.034890 seconds .

========================================================================
Received Import Request.
  Time since last request: 0.000303 seconds.
  path: Assets/Assets/Personagens/MaterialsCelera/AzulEscuroToon.mat
  artifactKey: Guid(7231e48b22be5184e983590a268d4439) Importer(815301076,1909f56bfc062723c751e8b465ee728b)
Start importing Assets/Assets/Personagens/MaterialsCelera/AzulEscuroToon.mat using Guid(7231e48b22be5184e983590a268d4439) Importer(815301076,1909f56bfc062723c751e8b465ee728b)  -> (artifact id: '2ef19fd2fa6ca01b2f5d3f63dbf01200') in 0.028850 seconds 
  Import took 0.039271 seconds .

========================================================================
Received Import Request.
  Time since last request: 0.000234 seconds.
  path: Assets/Assets/Personagens/MaterialsCelera/LenteToon.mat
  artifactKey: Guid(c40af343cad9c38448fd32b628d4f68d) Importer(815301076,1909f56bfc062723c751e8b465ee728b)
Start importing Assets/Assets/Personagens/MaterialsCelera/LenteToon.mat using Guid(c40af343cad9c38448fd32b628d4f68d) Importer(815301076,1909f56bfc062723c751e8b465ee728b)  -> (artifact id: '477a3278161efbf355d192f7753f8637') in 0.030728 seconds 
  Import took 0.037684 seconds .

========================================================================
Received Import Request.
  Time since last request: 0.000274 seconds.
  path: Assets/Assets/Personagens/MaterialsCelera/BakeCeleraAmarelo.png
  artifactKey: Guid(86b09b5230a9b604cbbbe9f3fed0a92b) Importer(815301076,1909f56bfc062723c751e8b465ee728b)
Start importing Assets/Assets/Personagens/MaterialsCelera/BakeCeleraAmarelo.png using Guid(86b09b5230a9b604cbbbe9f3fed0a92b) Importer(815301076,1909f56bfc062723c751e8b465ee728b)  -> (artifact id: 'e67998412d58e99ea73b653c04be4d2e') in 0.028224 seconds 
  Import took 0.035398 seconds .

========================================================================
Received Import Request.
  Time since last request: 0.000295 seconds.
  path: Assets/Assets/Personagens/MaterialsCelera/bRANCOtOON.mat
  artifactKey: Guid(e5e1455749c05f04a9288a8201c25e9a) Importer(815301076,1909f56bfc062723c751e8b465ee728b)
Start importing Assets/Assets/Personagens/MaterialsCelera/bRANCOtOON.mat using Guid(e5e1455749c05f04a9288a8201c25e9a) Importer(815301076,1909f56bfc062723c751e8b465ee728b)  -> (artifact id: '966fd9977537d94bc49f5d35c4e9c9b9') in 0.029096 seconds 
  Import took 0.037948 seconds .

========================================================================
Received Import Request.
  Time since last request: 0.000321 seconds.
  path: Assets/Assets/Personagens/MaterialsCelera/PretoToon.mat
  artifactKey: Guid(fa35a3ec4725d4046ac282824877595b) Importer(815301076,1909f56bfc062723c751e8b465ee728b)
Start importing Assets/Assets/Personagens/MaterialsCelera/PretoToon.mat using Guid(fa35a3ec4725d4046ac282824877595b) Importer(815301076,1909f56bfc062723c751e8b465ee728b)  -> (artifact id: 'bb35879d64d1aa450d6ed443e7d35f65') in 0.038229 seconds 
  Import took 0.044769 seconds .

========================================================================
Received Import Request.
  Time since last request: 0.000246 seconds.
  path: Assets/Assets/Personagens/MaterialsCelera/bakeCeleraAzul.png
  artifactKey: Guid(c4f8d5bb73fc7f544ae750004f977244) Importer(815301076,1909f56bfc062723c751e8b465ee728b)
Start importing Assets/Assets/Personagens/MaterialsCelera/bakeCeleraAzul.png using Guid(c4f8d5bb73fc7f544ae750004f977244) Importer(815301076,1909f56bfc062723c751e8b465ee728b)  -> (artifact id: '3be7015f18d5a811cbb531bdcc9bbf5c') in 0.029653 seconds 
  Import took 0.036554 seconds .

========================================================================
Received Import Request.
  Time since last request: 0.000540 seconds.
  path: Assets/Assets/Personagens/MaterialsCelera
  artifactKey: Guid(31b50d6cf4dc6ee46b2df432424af0a4) Importer(815301076,1909f56bfc062723c751e8b465ee728b)
Start importing Assets/Assets/Personagens/MaterialsCelera using Guid(31b50d6cf4dc6ee46b2df432424af0a4) Importer(815301076,1909f56bfc062723c751e8b465ee728b)  -> (artifact id: '298aa5f019446100ce1d13a815de9c36') in 0.012330 seconds 
  Import took 0.019758 seconds .

========================================================================
Received Import Request.
  Time since last request: 0.000258 seconds.
  path: Assets/Assets/Personagens/MaterialsCelera/pELEtOON.mat
  artifactKey: Guid(b460775b1bd326e49b4e2e1ff24c41d4) Importer(815301076,1909f56bfc062723c751e8b465ee728b)
Start importing Assets/Assets/Personagens/MaterialsCelera/pELEtOON.mat using Guid(b460775b1bd326e49b4e2e1ff24c41d4) Importer(815301076,1909f56bfc062723c751e8b465ee728b)  -> (artifact id: '81ab104a0cbfd5c54b981f8ada9db445') in 0.029808 seconds 
  Import took 0.035940 seconds .

========================================================================
Received Import Request.
  Time since last request: 0.000278 seconds.
  path: Assets/Assets/Personagens/MaterialsCelera/BakeCeleraLente.png
  artifactKey: Guid(9857c22fda5727c44a5a9c3c50722f04) Importer(815301076,1909f56bfc062723c751e8b465ee728b)
Start importing Assets/Assets/Personagens/MaterialsCelera/BakeCeleraLente.png using Guid(9857c22fda5727c44a5a9c3c50722f04) Importer(815301076,1909f56bfc062723c751e8b465ee728b)  -> (artifact id: '9f556619bf2361e599800b7e6e2a8e60') in 0.025415 seconds 
  Import took 0.032711 seconds .

========================================================================
Received Import Request.
  Time since last request: 0.000309 seconds.
  path: Assets/Assets/Personagens/MaterialsCelera/AmareloToo.mat
  artifactKey: Guid(804b28432acd69d40b4e76ec79aecbbf) Importer(815301076,1909f56bfc062723c751e8b465ee728b)
Start importing Assets/Assets/Personagens/MaterialsCelera/AmareloToo.mat using Guid(804b28432acd69d40b4e76ec79aecbbf) Importer(815301076,1909f56bfc062723c751e8b465ee728b)  -> (artifact id: '017cb5e57c3c24e1ba39bef63e6e36f7') in 0.029985 seconds 
  Import took 0.036322 seconds .

========================================================================
Received Import Request.
  Time since last request: 7.766213 seconds.
  path: Assets/Assets/Personagens/Celera
  artifactKey: Guid(71e9ded40d4d71a40a3b9bf09353fcda) Importer(815301076,1909f56bfc062723c751e8b465ee728b)
Start importing Assets/Assets/Personagens/Celera using Guid(71e9ded40d4d71a40a3b9bf09353fcda) Importer(815301076,1909f56bfc062723c751e8b465ee728b)  -> (artifact id: 'a40fed2fae70285d1b08c68f882d1ae3') in 0.012400 seconds 
  Import took 0.019211 seconds .

========================================================================
Received Import Request.
  Time since last request: 15.028981 seconds.
  path: Assets/Assets/Personagens/Celera/Célera2.fbx
  artifactKey: Guid(7fd4dcb9693eec94c90360ce0457ceb8) Importer(815301076,1909f56bfc062723c751e8b465ee728b)
Start importing Assets/Assets/Personagens/Celera/Célera2.fbx using Guid(7fd4dcb9693eec94c90360ce0457ceb8) Importer(815301076,1909f56bfc062723c751e8b465ee728b)  -> (artifact id: 'bb7420b372f16239a35e2114bb3f29b3') in 0.222317 seconds 
  Import took 0.231590 seconds .

